  Homework 5.cpp
Homework 5.obj : error LNK2005: "int Lexer::no_of_errors" (?no_of_errors@Lexer@@3HA) 已经在 Error.obj 中定义
Homework 5.obj : error LNK2005: "enum Lexer::Token_value Lexer::curr_tok" (?curr_tok@Lexer@@3W4Token_value@1@A) 已经在 Error.obj 中定义
Homework 5.obj : error LNK2005: "double Lexer::number_value" (?number_value@Lexer@@3NA) 已经在 Error.obj 中定义
Homework 5.obj : error LNK2005: "class std::basic_string<char,struct std::char_traits<char>,class std::allocator<char> > Lexer::string_value" (?string_value@Lexer@@3V?$basic_string@DU?$char_traits@D@std@@V?$allocator@D@2@@std@@A) 已经在 Error.obj 中定义
Homework 5.obj : error LNK2005: "class std::map<class std::basic_string<char,struct std::char_traits<char>,class std::allocator<char> >,double,struct std::less<class std::basic_string<char,struct std::char_traits<char>,class std::allocator<char> > >,class std::allocator<struct std::pair<class std::basic_string<char,struct std::char_traits<char>,class std::allocator<char> > const ,double> > > Lexer::table" (?table@Lexer@@3V?$map@V?$basic_string@DU?$char_traits@D@std@@V?$allocator@D@2@@std@@NU?$less@V?$basic_string@DU?$char_traits@D@std@@V?$allocator@D@2@@std@@@2@V?$allocator@U?$pair@$$CBV?$basic_string@DU?$char_traits@D@std@@V?$allocator@D@2@@std@@N@std@@@2@@std@@A) 已经在 Error.obj 中定义
Lexer.obj : error LNK2005: "int Lexer::no_of_errors" (?no_of_errors@Lexer@@3HA) 已经在 Error.obj 中定义
Lexer.obj : error LNK2005: "enum Lexer::Token_value Lexer::curr_tok" (?curr_tok@Lexer@@3W4Token_value@1@A) 已经在 Error.obj 中定义
Lexer.obj : error LNK2005: "double Lexer::number_value" (?number_value@Lexer@@3NA) 已经在 Error.obj 中定义
Lexer.obj : error LNK2005: "class std::basic_string<char,struct std::char_traits<char>,class std::allocator<char> > Lexer::string_value" (?string_value@Lexer@@3V?$basic_string@DU?$char_traits@D@std@@V?$allocator@D@2@@std@@A) 已经在 Error.obj 中定义
Lexer.obj : error LNK2005: "class std::map<class std::basic_string<char,struct std::char_traits<char>,class std::allocator<char> >,double,struct std::less<class std::basic_string<char,struct std::char_traits<char>,class std::allocator<char> > >,class std::allocator<struct std::pair<class std::basic_string<char,struct std::char_traits<char>,class std::allocator<char> > const ,double> > > Lexer::table" (?table@Lexer@@3V?$map@V?$basic_string@DU?$char_traits@D@std@@V?$allocator@D@2@@std@@NU?$less@V?$basic_string@DU?$char_traits@D@std@@V?$allocator@D@2@@std@@@2@V?$allocator@U?$pair@$$CBV?$basic_string@DU?$char_traits@D@std@@V?$allocator@D@2@@std@@N@std@@@2@@std@@A) 已经在 Error.obj 中定义
Paser.obj : error LNK2005: "int Lexer::no_of_errors" (?no_of_errors@Lexer@@3HA) 已经在 Error.obj 中定义
Paser.obj : error LNK2005: "enum Lexer::Token_value Lexer::curr_tok" (?curr_tok@Lexer@@3W4Token_value@1@A) 已经在 Error.obj 中定义
Paser.obj : error LNK2005: "double Lexer::number_value" (?number_value@Lexer@@3NA) 已经在 Error.obj 中定义
Paser.obj : error LNK2005: "class std::basic_string<char,struct std::char_traits<char>,class std::allocator<char> > Lexer::string_value" (?string_value@Lexer@@3V?$basic_string@DU?$char_traits@D@std@@V?$allocator@D@2@@std@@A) 已经在 Error.obj 中定义
Paser.obj : error LNK2005: "class std::map<class std::basic_string<char,struct std::char_traits<char>,class std::allocator<char> >,double,struct std::less<class std::basic_string<char,struct std::char_traits<char>,class std::allocator<char> > >,class std::allocator<struct std::pair<class std::basic_string<char,struct std::char_traits<char>,class std::allocator<char> > const ,double> > > Lexer::table" (?table@Lexer@@3V?$map@V?$basic_string@DU?$char_traits@D@std@@V?$allocator@D@2@@std@@NU?$less@V?$basic_string@DU?$char_traits@D@std@@V?$allocator@D@2@@std@@@2@V?$allocator@U?$pair@$$CBV?$basic_string@DU?$char_traits@D@std@@V?$allocator@D@2@@std@@N@std@@@2@@std@@A) 已经在 Error.obj 中定义
Homework 5.obj : error LNK2019: 无法解析的外部符号 "double __cdecl Parser::expr(bool)" (?expr@Parser@@YAN_N@Z)，该符号在函数 "int __cdecl calculator(void)" (?calculator@@YAHXZ) 中被引用
Paser.obj : error LNK2001: 无法解析的外部符号 "double __cdecl Parser::expr(bool)" (?expr@Parser@@YAN_N@Z)
Lexer.obj : error LNK2019: 无法解析的外部符号 "double __cdecl Error::error(class std::basic_string<char,struct std::char_traits<char>,class std::allocator<char> > const &)" (?error@Error@@YANABV?$basic_string@DU?$char_traits@D@std@@V?$allocator@D@2@@std@@@Z)，该符号在函数 "enum Lexer::Token_value __cdecl get_token(void)" (?get_token@@YA?AW4Token_value@Lexer@@XZ) 中被引用
Paser.obj : error LNK2001: 无法解析的外部符号 "double __cdecl Error::error(class std::basic_string<char,struct std::char_traits<char>,class std::allocator<char> > const &)" (?error@Error@@YANABV?$basic_string@DU?$char_traits@D@std@@V?$allocator@D@2@@std@@@Z)
D:\Graduate courses\OOP\Homework\Homework 5\Debug\Homework 5.exe : fatal error LNK1120: 2 个无法解析的外部命令
